#
# A fatal error has been detected by the Java Runtime Environment:
#
#  EXCEPTION_ACCESS_VIOLATION (0xc0000005) at pc=0x00007ffe66dc26c4, pid=18524, tid=12668
#
# JRE version: Java(TM) SE Runtime Environment (24.0.1+9) (build 24.0.1+9-30)
# Java VM: Java HotSpot(TM) 64-Bit Server VM (24.0.1+9-30, mixed mode, emulated-client, sharing, tiered, compressed oops, compressed class ptrs, g1 gc, windows-amd64)
# Problematic frame:
# C  [libasyncProfiler.dll+0x926c4]
#
# No core dump will be written. Minidumps are not enabled by default on client versions of Windows
#
# JFR recording file will be written. Location: C:\Users\JUSTIN GEORGE\OneDrive\Desktop\ManosAmigasOf-main\ManosAmigasApp\hs_err_pid18524.jfr
#
# If you would like to submit a bug report, please visit:
#   https://bugreport.java.com/bugreport/crash.jsp
# The crash happened outside the Java Virtual Machine in native code.
# See problematic frame for where to report the bug.
#

---------------  S U M M A R Y ------------

Command Line: -XX:TieredStopAtLevel=1 -Dspring.output.ansi.enabled=always -Dcom.sun.management.jmxremote -Dspring.jmx.enabled=true -Dspring.liveBeansView.mbeanDomain -Dspring.application.admin.enabled=true -Dmanagement.endpoints.jmx.exposure.include=* -javaagent:C:\Program Files\JetBrains\IntelliJ IDEA 2025.1.1.1\lib\idea_rt.jar=60565 -Dfile.encoding=UTF-8 -Dsun.stdout.encoding=UTF-8 -Dsun.stderr.encoding=UTF-8 com.manosamigas.app.ManosAmigasApplication

Host: 11th Gen Intel(R) Core(TM) i5-1135G7 @ 2.40GHz, 8 cores, 7G,  Windows 11 , 64 bit Build 26100 (10.0.26100.4202)
Time: Thu Jun 12 21:28:55 2025 Hora est. Pacífico, Sudamérica elapsed time: 22.711144 seconds (0d 0h 0m 22s)

---------------  T H R E A D  ---------------

Current thread (0x000001b08f833c60):  JavaThread "Attach Listener" daemon [_thread_in_native, id=12668, stack(0x000000157ad00000,0x000000157ae00000) (1024K)]

Stack: [0x000000157ad00000,0x000000157ae00000],  sp=0x000000157adff100,  free space=1020k
Native frames: (J=compiled Java code, j=interpreted, Vv=VM code, C=native code)
C  [libasyncProfiler.dll+0x926c4]  (no source info available)
C  [libasyncProfiler.dll+0x92b9b]  (no source info available)
C  [libasyncProfiler.dll+0x917f4]  (no source info available)
C  [libasyncProfiler.dll+0x9206a]  (no source info available)
C  [libasyncProfiler.dll+0x8cc21]  (no source info available)
C  [libasyncProfiler.dll+0x7e5e1]  (no source info available)
C  [libasyncProfiler.dll+0x7d2f8]  (no source info available)
C  [libasyncProfiler.dll+0x7d1e0]  (no source info available)
C  [libasyncProfiler.dll+0x841b9]  (no source info available)
V  [jvm.dll+0x57eff7]  (no source info available)
V  [jvm.dll+0x57fdac]  (no source info available)
V  [jvm.dll+0x14ca17]  (no source info available)
V  [jvm.dll+0x14dfe1]  (no source info available)
V  [jvm.dll+0x42f456]  (no source info available)
V  [jvm.dll+0x87d76b]  (no source info available)
V  [jvm.dll+0x72ee55]  (no source info available)
C  [ucrtbase.dll+0x37b0]  (no source info available)
C  [KERNEL32.DLL+0x2e8d7]  (no source info available)
C  [ntdll.dll+0x3c34c]  (no source info available)


siginfo: EXCEPTION_ACCESS_VIOLATION (0xc0000005), reading address 0xffffffffffffffff


Registers:
RAX=0x0000000000000010, RBX=0x0000000000000000, RCX=0xffffffffffffffff, RDX=0x007ffe0b5d301010
RSP=0x000000157adff100, RBP=0x000001b0d6ca1158, RSI=0x000000157adff270, RDI=0x000001b0d6ca1158
R8 =0x0000000000000042, R9 =0x000000008364fb50, R10=0x00007ffe0b849fb0, R11=0x0000000000000018
R12=0x000000157adff270, R13=0x000001b08fac57f0, R14=0x000001b08f834028, R15=0x000001b08f834028
RIP=0x00007ffe66dc26c4, EFLAGS=0x0000000000010202

XMM[0]=0x0000000000000000 0x0000000000000000
XMM[1]=0x0000000000000000 0x0000000000000000
XMM[2]=0x0000000000000000 0x0000000000000000
XMM[3]=0x0000000000000000 0x0000000000000000
XMM[4]=0x0000000000000000 0x0000000000000000
XMM[5]=0x0000000000000000 0x0000000000000000
XMM[6]=0x0000000000000000 0x0000000000000000
XMM[7]=0x0000000000000000 0x0000000000000000
XMM[8]=0x0000000000000000 0x0000000000000000
XMM[9]=0x0000000000000000 0x0000000000000000
XMM[10]=0x0000000000000000 0x0000000000000000
XMM[11]=0x0000000000000000 0x0000000000000000
XMM[12]=0x0000000000000000 0x0000000000000000
XMM[13]=0x0000000000000000 0x0000000000000000
XMM[14]=0x0000000000000000 0x0000000000000000
XMM[15]=0x0000000000000000 0x0000000000000000
  MXCSR=0x00001fa0


Register to memory mapping:

RAX=0x0000000000000010 is an unknown value
RBX=0x0 is null
RCX=0xffffffffffffffff is an unknown value
RDX=0x007ffe0b5d301010 is an unknown value
RSP=0x000000157adff100 is pointing into the stack for thread: 0x000001b08f833c60
RBP=0x000001b0d6ca1158 points into unknown readable memory: 0x000000008364fb50 | 50 fb 64 83 00 00 00 00
RSI=0x000000157adff270 is pointing into the stack for thread: 0x000001b08f833c60
RDI=0x000001b0d6ca1158 points into unknown readable memory: 0x000000008364fb50 | 50 fb 64 83 00 00 00 00
R8 =0x0000000000000042 is an unknown value
R9 =0x000000008364fb50 is an oop: java.lang.ref.Reference$ReferenceHandler 
{0x000000008364fb50} - klass: 'java/lang/ref/Reference$ReferenceHandler' - flags: 

 - ---- fields (total size 14 words):
 - 'threadLocalRandomProbe' 'I' @12  0 (0x00000000)
 - private volatile 'eetop' 'J' @16  1857833592560 (0x000001b08f82e6f0)
 - private final 'tid' 'J' @24  14 (0x000000000000000e)
 - 'threadLocalRandomSeed' 'J' @32  0 (0x0000000000000000)
 - injected 'jvmti_thread_state' 'J' @40  1859023327696 (0x000001b0d66cd1d0)
 - 'threadLocalRandomSecondarySeed' 'I' @48  0 (0x00000000)
 - injected 'jvmti_VTMS_transition_disable_count' 'I' @52  0 (0x00000000)
 - injected 'jfr_epoch' 'S' @56  0 (0x0000)
 - volatile 'interrupted' 'Z' @58  false (0x00)
 - injected 'jvmti_is_in_VTMS_transition' 'Z' @59  false (0x00)
 - private volatile 'name' 'Ljava/lang/String;' @60  "Reference Handler"{0x00000000847596e8} (0x847596e8)
 - private volatile 'contextClassLoader' 'Ljava/lang/ClassLoader;' @64  null (0x00000000)
 - private final 'holder' 'Ljava/lang/Thread$FieldHolder;' @68  a 'java/lang/Thread$FieldHolder'{0x00000000838f0e08} (0x838f0e08)
 - 'threadLocals' 'Ljava/lang/ThreadLocal$ThreadLocalMap;' @72  null (0x00000000)
 - 'inheritableThreadLocals' 'Ljava/lang/ThreadLocal$ThreadLocalMap;' @76  null (0x00000000)
 - private 'scopedValueBindings' 'Ljava/lang/Object;' @80  a 'java/lang/Class'{0x00000000847afb88} = 'java/lang/Thread' (0x847afb88)
 - final 'interruptLock' 'Ljava/lang/Object;' @84  a 'java/lang/Object'{0x00000000838f0e30} (0x838f0e30)
 - private volatile 'parkBlocker' 'Ljava/lang/Object;' @88  null (0x00000000)
 - private 'nioBlocker' 'Lsun/nio/ch/Interruptible;' @92  null (0x00000000)
 - private 'cont' 'Ljdk/internal/vm/Continuation;' @96  null (0x00000000)
 - private volatile 'uncaughtExceptionHandler' 'Ljava/lang/Thread$UncaughtExceptionHandler;' @100  null (0x00000000)
 - private 'container' 'Ljdk/internal/vm/ThreadContainer;' @104  null (0x00000000)
 - private volatile 'headStackableScopes' 'Ljdk/internal/vm/StackableScope;' @108  null (0x00000000)
R10=0x00007ffe0b849fb0 jvm.dll
R11=0x0000000000000018 is an unknown value
R12=0x000000157adff270 is pointing into the stack for thread: 0x000001b08f833c60
R13=0x000001b08fac57f0 points into unknown readable memory: 0x00007ffe0b7ba510 | 10 a5 7b 0b fe 7f 00 00
R14=0x000001b08f834028 points into unknown readable memory: 0x00007ffe0b7b17b0 | b0 17 7b 0b fe 7f 00 00
R15=0x000001b08f834028 points into unknown readable memory: 0x00007ffe0b7b17b0 | b0 17 7b 0b fe 7f 00 00

Top of Stack: (sp=0x000000157adff100)
0x000000157adff100:   000000157adff270 000001b0d6ca1158   p..z....X.......
0x000000157adff110:   0000000000000000 000001b08f8343b0   .........C......
0x000000157adff120:   0000000000000039 00007ffe66dc2b9b   9........+.f....
0x000000157adff130:   0000000000000000 000001b08f834028   ........(@......
0x000000157adff140:   000000157adff201 0000000000000000   ...z............
0x000000157adff150:   000001b0d886b890 00007ffe66dc17f4   ...........f....
0x000000157adff160:   0000000000000000 0000000000000039   ........9.......
0x000000157adff170:   0000000000000000 0000000000000039   ........9.......
0x000000157adff180:   0000002100000002 000001b0d886bde0   ....!...........
0x000000157adff190:   000001b0d886b890 000001b0d886b974   ........t.......
0x000000157adff1a0:   000001b0d886b98c 000000000000226c   ........l"......
0x000000157adff1b0:   0000000000000000 0000000000000000   ................
0x000000157adff1c0:   0000000000000000 00007ffe0b0157d4   .........W......
0x000000157adff1d0:   00007ffe66f04ca0 000000000000485c   .L.f....\H......
0x000000157adff1e0:   00007ffe66f04ca0 00000000ffffffff   .L.f............
0x000000157adff1f0:   0000000000000000 00007ffe66dc206a   ........j .f....
0x000000157adff200:   000001b08f834028 0000000000000000   (@..............
0x000000157adff210:   000000157adff279 000001b08fac57f0   y..z.....W......
0x000000157adff220:   0000000000000004 0000000000000048   ........H.......
0x000000157adff230:   0000000800800310 0000000000000020   ........ .......
0x000000157adff240:   000001b08f834028 00007ffe66f04ca0   (@.......L.f....
0x000000157adff250:   000001b0ff6c9660 000001b0d66cd1d0   `.l.......l.....
0x000000157adff260:   0000000800800390 000001b08f834028   ........(@......
0x000000157adff270:   000001b0d88853a0 000001b0d8885ac0   .S.......Z......
0x000000157adff280:   000001b0d8885ac0 00007ffe66f04ca0   .Z.......L.f....
0x000000157adff290:   000001b0d50c9bd8 000000157adff408   ...........z....
0x000000157adff2a0:   000000157adff540 0000000000008840   @..z....@.......
0x000000157adff2b0:   000000157adff720 00007ffe66f04cf0    ..z.....L.f....
0x000000157adff2c0:   0000000000989680 0000000000989680   ................
0x000000157adff2d0:   000000157adff3e0 00007ffe66dbcc21   ...z....!..f....
0x000000157adff2e0:   00007ffe66f04ca0 00007ffe66f04cf8   .L.f.....L.f....
0x000000157adff2f0:   00007ffe00000000 00007ffe00000001   ................

Instructions: (pc=0x00007ffe66dc26c4)
  0x00007ffe66dc25c4:   cc cc cc cc cc cc cc cc cc cc cc cc cc cc cc cc
  0x00007ffe66dc25d4:   cc cc cc cc cc cc cc cc cc cc cc cc cc cc cc cc
  0x00007ffe66dc25e4:   cc cc cc cc cc cc cc cc cc cc cc cc cc cc cc cc
  0x00007ffe66dc25f4:   cc cc cc cc cc cc cc cc cc cc cc cc cc cc cc cc
  0x00007ffe66dc2604:   cc cc cc cc cc cc cc cc cc cc cc cc cc cc cc cc
  0x00007ffe66dc2614:   cc cc cc cc cc cc cc cc cc cc cc cc cc cc cc cc
  0x00007ffe66dc2624:   cc cc cc cc cc cc cc cc cc cc cc cc cc cc cc cc
  0x00007ffe66dc2634:   cc cc cc cc cc cc cc cc cc cc cc cc cc cc cc cc
  0x00007ffe66dc2644:   cc cc cc cc cc cc cc cc cc cc cc cc 40 57 48 83
  0x00007ffe66dc2654:   ec 20 48 8b f9 48 8b 0d 10 28 14 00 48 85 c9 74
  0x00007ffe66dc2664:   20 48 8b 01 48 8d 54 24 38 41 b8 06 00 01 00 4c
  0x00007ffe66dc2674:   8b 48 30 41 ff d1 85 c0 75 07 48 8b 4c 24 38 eb
  0x00007ffe66dc2684:   02 33 c9 4c 8b 05 ea 28 14 00 48 89 5c 24 30 4d
  0x00007ffe66dc2694:   85 c0 74 4a 48 8b 01 48 8b d7 4c 8b 88 28 03 00
  0x00007ffe66dc26a4:   00 41 ff d1 48 85 c0 74 35 48 63 0d f8 e6 13 00
  0x00007ffe66dc26b4:   48 8b 14 01 48 85 d2 74 15 48 63 05 fc e6 13 00
=>0x00007ffe66dc26c4:   8b 04 10 48 8b 5c 24 30 48 83 c4 20 5f c3 b8 ff
  0x00007ffe66dc26d4:   ff ff ff 48 8b 5c 24 30 48 83 c4 20 5f c3 80 3d
  0x00007ffe66dc26e4:   9b 27 14 00 00 bb ff ff ff ff 74 20 4c 8b 0d 31
  0x00007ffe66dc26f4:   24 14 00 4c 8d 44 24 38 48 8b 0d 15 24 14 00 48
  0x00007ffe66dc2704:   8b d7 41 ff d1 85 c0 0f 44 5c 24 38 8b c3 48 8b
  0x00007ffe66dc2714:   5c 24 30 48 83 c4 20 5f c3 cc cc cc cc cc cc cc
  0x00007ffe66dc2724:   cc cc cc cc cc cc cc cc cc cc cc cc cc cc cc cc
  0x00007ffe66dc2734:   cc cc cc cc cc cc cc cc cc cc cc cc cc cc cc cc
  0x00007ffe66dc2744:   cc cc cc cc cc cc cc cc cc cc cc cc 48 89 54 24
  0x00007ffe66dc2754:   10 53 55 56 57 41 56 41 57 48 83 ec 28 48 8b f2
  0x00007ffe66dc2764:   4c 8b f1 48 89 4c 24 78 45 33 ff 44 89 7c 24 68
  0x00007ffe66dc2774:   c7 44 24 60 01 00 00 00 48 8d 4c 24 68 e8 ed 42
  0x00007ffe66dc2784:   f7 ff 8b d8 48 8d 4c 24 60 e8 e1 42 f7 ff 8b e8
  0x00007ffe66dc2794:   49 8b ce e8 00 fc f6 ff 48 8b f8 90 8b c3 f0 0f
  0x00007ffe66dc27a4:   b1 2f 74 04 f3 90 eb f4 4c 89 3e 4c 89 7e 08 4c
  0x00007ffe66dc27b4:   89 7e 10 49 8b 6e 08 4d 8b 76 10 49 3b ee 0f 84


Stack slot to memory mapping:

stack at sp + 0 slots: 0x000000157adff270 is pointing into the stack for thread: 0x000001b08f833c60
stack at sp + 1 slots: 0x000001b0d6ca1158 points into unknown readable memory: 0x000000008364fb50 | 50 fb 64 83 00 00 00 00
stack at sp + 2 slots: 0x0 is null
stack at sp + 3 slots: 0x000001b08f8343b0 points into unknown readable memory: 0x6e616c2e6176616a | 6a 61 76 61 2e 6c 61 6e
stack at sp + 4 slots: 0x0000000000000039 is an unknown value
stack at sp + 5 slots: 0x00007ffe66dc2b9b libasyncProfiler.dll
stack at sp + 6 slots: 0x0 is null
stack at sp + 7 slots: 0x000001b08f834028 points into unknown readable memory: 0x00007ffe0b7b17b0 | b0 17 7b 0b fe 7f 00 00

Lock stack of current Java thread (top to bottom):


---------------  P R O C E S S  ---------------

Threads class SMR info:
_java_thread_list=0x000001b0d668ac70, length=37, elements={
0x000001b08f82e6f0, 0x000001b08f82ee30, 0x000001b08f833130, 0x000001b08f833c60,
0x000001b08f834790, 0x000001b08f835a60, 0x000001b08f84a500, 0x000001b08f983a10,
0x000001b08fbe4e20, 0x000001b08fbe9570, 0x000001b0d5642d40, 0x000001b0d56ca330,
0x000001b0d56ee140, 0x000001b0d56e4ed0, 0x000001b0d5852af0, 0x000001b0d649aa40,
0x000001b0d64a0950, 0x000001b0d649c030, 0x000001b0d649b190, 0x000001b0d649ced0,
0x000001b0d649d620, 0x000001b0d649a2f0, 0x000001b0d649dd70, 0x000001b0d649e4c0,
0x000001b0d649ec10, 0x000001b0d649b8e0, 0x000001b0d649f360, 0x000001b0d649fab0,
0x000001b0d64a0200, 0x000001b0d5854830, 0x000001b0d5854f80, 0x000001b0d5853990,
0x000001b0d58556d0, 0x000001b0d58523a0, 0x000001b0d6499ba0, 0x000001b08f9287c0,
0x000001b0d64a10a0
}

Java Threads: ( => current thread )
  0x000001b08f82e6f0 JavaThread "Reference Handler"          daemon [_thread_blocked, id=28040, stack(0x000000157aa00000,0x000000157ab00000) (1024K)]
  0x000001b08f82ee30 JavaThread "Finalizer"                  daemon [_thread_blocked, id=21996, stack(0x000000157ab00000,0x000000157ac00000) (1024K)]
  0x000001b08f833130 JavaThread "Signal Dispatcher"          daemon [_thread_blocked, id=9836, stack(0x000000157ac00000,0x000000157ad00000) (1024K)]
=>0x000001b08f833c60 JavaThread "Attach Listener"            daemon [_thread_in_native, id=12668, stack(0x000000157ad00000,0x000000157ae00000) (1024K)]
  0x000001b08f834790 JavaThread "Service Thread"             daemon [_thread_blocked, id=2140, stack(0x000000157ae00000,0x000000157af00000) (1024K)]
  0x000001b08f835a60 JavaThread "Monitor Deflation Thread"   daemon [_thread_blocked, id=13848, stack(0x000000157af00000,0x000000157b000000) (1024K)]
  0x000001b08f84a500 JavaThread "C1 CompilerThread0"         daemon [_thread_blocked, id=12780, stack(0x000000157b000000,0x000000157b100000) (1024K)]
  0x000001b08f983a10 JavaThread "Common-Cleaner"             daemon [_thread_blocked, id=19952, stack(0x000000157b200000,0x000000157b300000) (1024K)]
  0x000001b08fbe4e20 JavaThread "Monitor Ctrl-Break"         daemon [_thread_in_native, id=3016, stack(0x000000157b300000,0x000000157b400000) (1024K)]
  0x000001b08fbe9570 JavaThread "Notification Thread"        daemon [_thread_blocked, id=15192, stack(0x000000157b400000,0x000000157b500000) (1024K)]
  0x000001b0d5642d40 JavaThread "RMI TCP Accept-0"           daemon [_thread_in_native, id=14052, stack(0x000000157b600000,0x000000157b700000) (1024K)]
  0x000001b0d56ca330 JavaThread "RMI TCP Connection(1)-192.168.18.248" daemon [_thread_in_native, id=8800, stack(0x000000157b700000,0x000000157b800000) (1024K)]
  0x000001b0d56ee140 JavaThread "RMI Scheduler(0)"           daemon [_thread_blocked, id=16652, stack(0x000000157b800000,0x000000157b900000) (1024K)]
  0x000001b0d56e4ed0 JavaThread "JMX server connection timeout 31" daemon [_thread_blocked, id=25676, stack(0x000000157b900000,0x000000157ba00000) (1024K)]
  0x000001b0d5852af0 JavaThread "RMI TCP Connection(2)-192.168.18.248" daemon [_thread_in_native, id=14288, stack(0x000000157bc00000,0x000000157bd00000) (1024K)]
  0x000001b0d649aa40 JavaThread "Live Reload Server"         daemon [_thread_in_native, id=22176, stack(0x000000157ca00000,0x000000157cb00000) (1024K)]
  0x000001b0d64a0950 JavaThread "DestroyJavaVM"                     [_thread_blocked, id=1544, stack(0x000000157a200000,0x000000157a300000) (1024K)]
  0x000001b0d649c030 JavaThread "Catalina-utility-1"                [_thread_blocked, id=10652, stack(0x000000157c500000,0x000000157c600000) (1024K)]
  0x000001b0d649b190 JavaThread "Catalina-utility-2"                [_thread_blocked, id=7752, stack(0x000000157c600000,0x000000157c700000) (1024K)]
  0x000001b0d649ced0 JavaThread "container-0"                       [_thread_blocked, id=24388, stack(0x000000157c700000,0x000000157c800000) (1024K)]
  0x000001b0d649d620 JavaThread "File Watcher"               daemon [_thread_blocked, id=11096, stack(0x000000157c800000,0x000000157c900000) (1024K)]
  0x000001b0d649a2f0 JavaThread "http-nio-8080-exec-1"       daemon [_thread_blocked, id=10172, stack(0x000000157c900000,0x000000157ca00000) (1024K)]
  0x000001b0d649dd70 JavaThread "http-nio-8080-exec-2"       daemon [_thread_blocked, id=22116, stack(0x000000157cb00000,0x000000157cc00000) (1024K)]
  0x000001b0d649e4c0 JavaThread "http-nio-8080-exec-3"       daemon [_thread_blocked, id=26232, stack(0x000000157cc00000,0x000000157cd00000) (1024K)]
  0x000001b0d649ec10 JavaThread "http-nio-8080-exec-4"       daemon [_thread_blocked, id=9200, stack(0x000000157cd00000,0x000000157ce00000) (1024K)]
  0x000001b0d649b8e0 JavaThread "http-nio-8080-exec-5"       daemon [_thread_blocked, id=13296, stack(0x000000157ce00000,0x000000157cf00000) (1024K)]
  0x000001b0d649f360 JavaThread "http-nio-8080-exec-6"       daemon [_thread_blocked, id=7548, stack(0x000000157cf00000,0x000000157d000000) (1024K)]
  0x000001b0d649fab0 JavaThread "http-nio-8080-exec-7"       daemon [_thread_blocked, id=19328, stack(0x000000157d000000,0x000000157d100000) (1024K)]
  0x000001b0d64a0200 JavaThread "http-nio-8080-exec-8"       daemon [_thread_blocked, id=22268, stack(0x000000157d100000,0x000000157d200000) (1024K)]
  0x000001b0d5854830 JavaThread "http-nio-8080-exec-9"       daemon [_thread_blocked, id=2068, stack(0x000000157d200000,0x000000157d300000) (1024K)]
  0x000001b0d5854f80 JavaThread "http-nio-8080-exec-10"      daemon [_thread_blocked, id=17292, stack(0x000000157d300000,0x000000157d400000) (1024K)]
  0x000001b0d5853990 JavaThread "http-nio-8080-Poller"       daemon [_thread_in_native, id=28496, stack(0x000000157d400000,0x000000157d500000) (1024K)]
  0x000001b0d58556d0 JavaThread "http-nio-8080-Acceptor"     daemon [_thread_in_native, id=28312, stack(0x000000157d500000,0x000000157d600000) (1024K)]
  0x000001b0d58523a0 JavaThread "scheduling-1"                      [_thread_blocked, id=6972, stack(0x000000157d600000,0x000000157d700000) (1024K)]
  0x000001b0d6499ba0 JavaThread "JFR Recorder Thread"        daemon [_thread_in_native, id=18848, stack(0x000000157b100000,0x000000157b200000) (1024K)]
  0x000001b08f9287c0 JavaThread "C1 CompilerThread1"         daemon [_thread_blocked, id=27556, stack(0x000000157b500000,0x000000157b600000) (1024K)]
  0x000001b0d64a10a0 JavaThread "JFR Periodic Tasks"         daemon [_thread_blocked, id=8812, stack(0x000000157bb00000,0x000000157bc00000) (1024K)]
Total: 37

Other Threads:
  0x000001b0ff81dd70 VMThread "VM Thread"                           [id=27908, stack(0x000000157a900000,0x000000157aa00000) (1024K)]
  0x000001b0ff80c550 WatcherThread "VM Periodic Task Thread"        [id=19408, stack(0x000000157a800000,0x000000157a900000) (1024K)]
  0x000001b0feab16e0 WorkerThread "GC Thread#0"                     [id=7408, stack(0x000000157a300000,0x000000157a400000) (1024K)]
  0x000001b0d5b5fcd0 WorkerThread "GC Thread#1"                     [id=27780, stack(0x000000157bd00000,0x000000157be00000) (1024K)]
  0x000001b0d5b612f0 WorkerThread "GC Thread#2"                     [id=11572, stack(0x000000157be00000,0x000000157bf00000) (1024K)]
  0x000001b0d5b607e0 WorkerThread "GC Thread#3"                     [id=26952, stack(0x000000157bf00000,0x000000157c000000) (1024K)]
  0x000001b0d5b60b90 WorkerThread "GC Thread#4"                     [id=13684, stack(0x000000157c000000,0x000000157c100000) (1024K)]
  0x000001b0d5b60430 WorkerThread "GC Thread#5"                     [id=16408, stack(0x000000157c100000,0x000000157c200000) (1024K)]
  0x000001b0d5b60f40 WorkerThread "GC Thread#6"                     [id=18736, stack(0x000000157c200000,0x000000157c300000) (1024K)]
  0x000001b0d5b5f920 WorkerThread "GC Thread#7"                     [id=16060, stack(0x000000157c300000,0x000000157c400000) (1024K)]
  0x000001b0feabf080 ConcurrentGCThread "G1 Main Marker"            [id=15744, stack(0x000000157a400000,0x000000157a500000) (1024K)]
  0x000001b0feabfaa0 WorkerThread "G1 Conc#0"                       [id=5284, stack(0x000000157a500000,0x000000157a600000) (1024K)]
  0x000001b0d62df960 WorkerThread "G1 Conc#1"                       [id=5616, stack(0x000000157c400000,0x000000157c500000) (1024K)]
  0x000001b0ff6c5510 ConcurrentGCThread "G1 Refine#0"               [id=18172, stack(0x000000157a600000,0x000000157a700000) (1024K)]
  0x000001b0ff6c6000 ConcurrentGCThread "G1 Service"                [id=24684, stack(0x000000157a700000,0x000000157a800000) (1024K)]
Total: 15

Threads with active compile tasks:
Total: 0

VM state: not at safepoint (normal execution)

VM Mutex/Monitor currently owned by a thread: None

Heap address: 0x0000000083600000, size: 1994 MB, Compressed Oops mode: 32-bit

CDS archive(s) mapped at: [0x000001b090000000-0x000001b090d40000-0x000001b090d40000), size 13893632, SharedBaseAddress: 0x000001b090000000, ArchiveRelocationMode: 1.
Compressed class space mapped at: 0x000001b091000000-0x000001b0d1000000, reserved size: 1073741824
UseCompressedClassPointers 1, UseCompactObjectHeaders 0
Narrow klass pointer bits 32, Max shift 3
Narrow klass base: 0x000001b090000000, Narrow klass shift: 0
Encoding Range: [0x000001b090000000 - 0x000001b190000000), (4294967296 bytes)
Klass Range:    [0x000001b090000000 - 0x000001b0d1000000), (1090519040 bytes)
Klass ID Range:  [8 - 1090519033) (1090519025)

GC Precious Log:
 CardTable entry size: 512
 Card Set container configuration: InlinePtr #cards 5 size 8 Array Of Cards #cards 10 size 36 Howl #buckets 4 coarsen threshold 1843 Howl Bitmap #cards 512 size 80 coarsen threshold 460 Card regions per heap region 1 cards per card region 2048
 CPUs: 8 total, 8 available
 Memory: 7975M
 Large Page Support: Disabled
 NUMA Support: Disabled
 Compressed Oops: Enabled (32-bit)
 Heap Region Size: 1M
 Heap Min Capacity: 8M
 Heap Initial Capacity: 126M
 Heap Max Capacity: 1994M
 Pre-touch: Disabled
 Parallel Workers: 8
 Concurrent Workers: 2
 Concurrent Refinement Workers: 8
 Periodic GC: Disabled

Heap:
 garbage-first heap   total reserved 2041856K, committed 56320K, used 24886K [0x0000000083600000, 0x0000000100000000)
  region size 1024K, 7 young (7168K), 3 survivors (3072K)
 Metaspace       used 34112K, committed 34752K, reserved 1114112K
  class space    used 3948K, committed 4224K, reserved 1048576K

Heap Regions: E=young(eden), S=young(survivor), O=old, HS=humongous(starts), HC=humongous(continues), CS=collection set, F=free, TAMS=top-at-mark-start, PB=parsable bottom
|   0|0x0000000083600000, 0x0000000083700000, 0x0000000083700000|100%| O|  |TAMS 0x0000000083600000| PB 0x0000000083600000| Untracked |  0
|   1|0x0000000083700000, 0x0000000083800000, 0x0000000083800000|100%| O|  |TAMS 0x0000000083700000| PB 0x0000000083700000| Untracked |  0
|   2|0x0000000083800000, 0x00000000838fffe0, 0x0000000083900000| 99%| O|  |TAMS 0x0000000083800000| PB 0x0000000083800000| Untracked |  0
|   3|0x0000000083900000, 0x0000000083a00000, 0x0000000083a00000|100%| O|  |TAMS 0x0000000083900000| PB 0x0000000083900000| Untracked |  0
|   4|0x0000000083a00000, 0x0000000083b00000, 0x0000000083b00000|100%| O|  |TAMS 0x0000000083a00000| PB 0x0000000083a00000| Untracked |  0
|   5|0x0000000083b00000, 0x0000000083bff820, 0x0000000083c00000| 99%| O|  |TAMS 0x0000000083b00000| PB 0x0000000083b00000| Untracked |  0
|   6|0x0000000083c00000, 0x0000000083d00000, 0x0000000083d00000|100%| O|  |TAMS 0x0000000083c00000| PB 0x0000000083c00000| Untracked |  0
|   7|0x0000000083d00000, 0x0000000083e00000, 0x0000000083e00000|100%| O|  |TAMS 0x0000000083d00000| PB 0x0000000083d00000| Untracked |  0
|   8|0x0000000083e00000, 0x0000000083efffe8, 0x0000000083f00000| 99%| O|  |TAMS 0x0000000083e00000| PB 0x0000000083e00000| Untracked |  0
|   9|0x0000000083f00000, 0x0000000084000000, 0x0000000084000000|100%| O|  |TAMS 0x0000000083f00000| PB 0x0000000083f00000| Untracked |  0
|  10|0x0000000084000000, 0x00000000840fffd8, 0x0000000084100000| 99%| O|  |TAMS 0x0000000084000000| PB 0x0000000084000000| Untracked |  0
|  11|0x0000000084100000, 0x00000000841fffb0, 0x0000000084200000| 99%| O|  |TAMS 0x0000000084100000| PB 0x0000000084100000| Untracked |  0
|  12|0x0000000084200000, 0x00000000842fffd0, 0x0000000084300000| 99%| O|  |TAMS 0x0000000084200000| PB 0x0000000084200000| Untracked |  0
|  13|0x0000000084300000, 0x0000000084400000, 0x0000000084400000|100%| O|  |TAMS 0x0000000084300000| PB 0x0000000084300000| Untracked |  0
|  14|0x0000000084400000, 0x0000000084468580, 0x0000000084500000| 40%| O|  |TAMS 0x0000000084400000| PB 0x0000000084400000| Untracked |  0
|  15|0x0000000084500000, 0x00000000845e1ac0, 0x0000000084600000| 88%| O|  |TAMS 0x0000000084500000| PB 0x0000000084500000| Untracked |  0
|  16|0x0000000084600000, 0x0000000084695128, 0x0000000084700000| 58%| O|  |TAMS 0x0000000084600000| PB 0x0000000084600000| Untracked |  0
|  17|0x0000000084700000, 0x00000000847ffff8, 0x0000000084800000| 99%| O|  |TAMS 0x0000000084700000| PB 0x0000000084700000| Untracked |  0
|  18|0x0000000084800000, 0x0000000084900000, 0x0000000084900000|100%| O|  |TAMS 0x0000000084800000| PB 0x0000000084800000| Untracked |  0
|  19|0x0000000084900000, 0x00000000849f83e0, 0x0000000084a00000| 96%| O|  |TAMS 0x0000000084900000| PB 0x0000000084900000| Untracked |  0
|  20|0x0000000084a00000, 0x0000000084a00000, 0x0000000084b00000|  0%| F|  |TAMS 0x0000000084a00000| PB 0x0000000084a00000| Untracked |  0
|  21|0x0000000084b00000, 0x0000000084b33240, 0x0000000084c00000| 19%| O|  |TAMS 0x0000000084b00000| PB 0x0000000084b00000| Untracked |  0
|  22|0x0000000084c00000, 0x0000000084c00000, 0x0000000084d00000|  0%| F|  |TAMS 0x0000000084c00000| PB 0x0000000084c00000| Untracked |  0
|  23|0x0000000084d00000, 0x0000000084d00000, 0x0000000084e00000|  0%| F|  |TAMS 0x0000000084d00000| PB 0x0000000084d00000| Untracked |  0
|  24|0x0000000084e00000, 0x0000000084e00000, 0x0000000084f00000|  0%| F|  |TAMS 0x0000000084e00000| PB 0x0000000084e00000| Untracked |  0
|  25|0x0000000084f00000, 0x0000000084f43c00, 0x0000000085000000| 26%| S|CS|TAMS 0x0000000084f00000| PB 0x0000000084f00000| Complete |  0
|  26|0x0000000085000000, 0x0000000085100000, 0x0000000085100000|100%| S|CS|TAMS 0x0000000085000000| PB 0x0000000085000000| Complete |  0
|  27|0x0000000085100000, 0x0000000085100000, 0x0000000085200000|  0%| F|  |TAMS 0x0000000085100000| PB 0x0000000085100000| Untracked |  0
|  28|0x0000000085200000, 0x0000000085200000, 0x0000000085300000|  0%| F|  |TAMS 0x0000000085200000| PB 0x0000000085200000| Untracked |  0
|  29|0x0000000085300000, 0x0000000085300000, 0x0000000085400000|  0%| F|  |TAMS 0x0000000085300000| PB 0x0000000085300000| Untracked |  0
|  30|0x0000000085400000, 0x0000000085500000, 0x0000000085500000|100%| S|CS|TAMS 0x0000000085400000| PB 0x0000000085400000| Complete |  0
|  31|0x0000000085500000, 0x0000000085500000, 0x0000000085600000|  0%| F|  |TAMS 0x0000000085500000| PB 0x0000000085500000| Untracked |  0
|  32|0x0000000085600000, 0x0000000085600000, 0x0000000085700000|  0%| F|  |TAMS 0x0000000085600000| PB 0x0000000085600000| Untracked |  0
|  33|0x0000000085700000, 0x0000000085700000, 0x0000000085800000|  0%| F|  |TAMS 0x0000000085700000| PB 0x0000000085700000| Untracked |  0
|  34|0x0000000085800000, 0x0000000085800000, 0x0000000085900000|  0%| F|  |TAMS 0x0000000085800000| PB 0x0000000085800000| Untracked |  0
|  35|0x0000000085900000, 0x0000000085900000, 0x0000000085a00000|  0%| F|  |TAMS 0x0000000085900000| PB 0x0000000085900000| Untracked |  0
|  36|0x0000000085a00000, 0x0000000085a00000, 0x0000000085b00000|  0%| F|  |TAMS 0x0000000085a00000| PB 0x0000000085a00000| Untracked |  0
|  37|0x0000000085b00000, 0x0000000085b00000, 0x0000000085c00000|  0%| F|  |TAMS 0x0000000085b00000| PB 0x0000000085b00000| Untracked |  0
|  38|0x0000000085c00000, 0x0000000085c00000, 0x0000000085d00000|  0%| F|  |TAMS 0x0000000085c00000| PB 0x0000000085c00000| Untracked |  0
|  39|0x0000000085d00000, 0x0000000085d00000, 0x0000000085e00000|  0%| F|  |TAMS 0x0000000085d00000| PB 0x0000000085d00000| Untracked |  0
|  40|0x0000000085e00000, 0x0000000085e00000, 0x0000000085f00000|  0%| F|  |TAMS 0x0000000085e00000| PB 0x0000000085e00000| Untracked |  0
|  41|0x0000000085f00000, 0x0000000085f00000, 0x0000000086000000|  0%| F|  |TAMS 0x0000000085f00000| PB 0x0000000085f00000| Untracked |  0
|  42|0x0000000086000000, 0x0000000086000000, 0x0000000086100000|  0%| F|  |TAMS 0x0000000086000000| PB 0x0000000086000000| Untracked |  0
|  43|0x0000000086100000, 0x0000000086100000, 0x0000000086200000|  0%| F|  |TAMS 0x0000000086100000| PB 0x0000000086100000| Untracked |  0
|  44|0x0000000086200000, 0x0000000086200000, 0x0000000086300000|  0%| F|  |TAMS 0x0000000086200000| PB 0x0000000086200000| Untracked |  0
|  45|0x0000000086300000, 0x0000000086300000, 0x0000000086400000|  0%| F|  |TAMS 0x0000000086300000| PB 0x0000000086300000| Untracked |  0
|  46|0x0000000086400000, 0x0000000086400000, 0x0000000086500000|  0%| F|  |TAMS 0x0000000086400000| PB 0x0000000086400000| Untracked |  0
| 118|0x000000008ac00000, 0x000000008ac00000, 0x000000008ad00000|  0%| F|  |TAMS 0x000000008ac00000| PB 0x000000008ac00000| Untracked |  0
| 119|0x000000008ad00000, 0x000000008ad00000, 0x000000008ae00000|  0%| F|  |TAMS 0x000000008ad00000| PB 0x000000008ad00000| Untracked |  0
| 120|0x000000008ae00000, 0x000000008ae00000, 0x000000008af00000|  0%| F|  |TAMS 0x000000008ae00000| PB 0x000000008ae00000| Untracked |  0
| 121|0x000000008af00000, 0x000000008af00000, 0x000000008b000000|  0%| F|  |TAMS 0x000000008af00000| PB 0x000000008af00000| Untracked |  0
| 122|0x000000008b000000, 0x000000008b0e3cb0, 0x000000008b100000| 88%| E|  |TAMS 0x000000008b000000| PB 0x000000008b000000| Complete |  0
| 125|0x000000008b300000, 0x000000008b400000, 0x000000008b400000|100%| E|CS|TAMS 0x000000008b300000| PB 0x000000008b300000| Complete |  0
|1992|0x00000000ffe00000, 0x00000000fff00000, 0x00000000fff00000|100%| E|CS|TAMS 0x00000000ffe00000| PB 0x00000000ffe00000| Complete |  0
|1993|0x00000000fff00000, 0x0000000100000000, 0x0000000100000000|100%| E|CS|TAMS 0x00000000fff00000| PB 0x00000000fff00000| Complete |  0

Card table byte_map: [0x000001b0ff230000,0x000001b0ff620000] _byte_map_base: 0x000001b0fee15000

Marking Bits: (CMBitMap*) 0x000001b0feab1d00
 Bits: [0x000001b08b7e0000, 0x000001b08d708000)

Polling page: 0x000001b0fc8c0000

Metaspace:

Usage:
  Non-class:     29.46 MB used.
      Class:      3.86 MB used.
       Both:     33.31 MB used.

Virtual space:
  Non-class space:       64.00 MB reserved,      29.81 MB ( 47%) committed,  1 nodes.
      Class space:        1.00 GB reserved,       4.12 MB ( <1%) committed,  1 nodes.
             Both:        1.06 GB reserved,      33.94 MB (  3%) committed. 

Chunk freelists:
   Non-Class:  2.00 MB
       Class:  11.74 MB
        Both:  13.74 MB

MaxMetaspaceSize: unlimited
CompressedClassSpaceSize: 1.00 GB
Initial GC threshold: 21.00 MB
Current GC threshold: 54.50 MB
CDS: on
 - commit_granule_bytes: 65536.
 - commit_granule_words: 8192.
 - virtual_space_node_default_size: 8388608.
 - enlarge_chunks_in_place: 1.
UseCompressedClassPointers 1, UseCompactObjectHeaders 0
Narrow klass pointer bits 32, Max shift 3
Narrow klass base: 0x000001b090000000, Narrow klass shift: 0
Encoding Range: [0x000001b090000000 - 0x000001b190000000), (4294967296 bytes)
Klass Range:    [0x000001b090000000 - 0x000001b0d1000000), (1090519040 bytes)
Klass ID Range:  [8 - 1090519033) (1090519025)


Internal statistics:

num_allocs_failed_limit: 3.
num_arena_births: 626.
num_arena_deaths: 0.
num_vsnodes_births: 2.
num_vsnodes_deaths: 0.
num_space_committed: 543.
num_space_uncommitted: 0.
num_chunks_returned_to_freelist: 3.
num_chunks_taken_from_freelist: 1771.
num_chunk_merges: 3.
num_chunk_splits: 1185.
num_chunks_enlarged: 880.
num_inconsistent_stats: 0.

CodeCache: size=49152Kb used=9296Kb max_used=9296Kb free=39855Kb
 bounds [0x000001b0887e0000, 0x000001b089140000, 0x000001b08b7e0000]
 total_blobs=6636, nmethods=6057, adapters=502, full_count=0
Compilation: enabled, stopped_count=0, restarted_count=0

Compilation events (20 events):
Event: 22.671 Thread 0x000001b08f84a500 nmethod 6095 0x000001b088a65488 code [0x000001b088a655a0, 0x000001b088a65668]
Event: 22.671 Thread 0x000001b08f84a500 6097       1       jdk.jfr.internal.EventControl::getEventType (5 bytes)
Event: 22.671 Thread 0x000001b08f9287c0 nmethod 6094 0x000001b088a65188 code [0x000001b088a65280, 0x000001b088a65348]
Event: 22.671 Thread 0x000001b08f9287c0 6101   !   1       jdk.jfr.internal.Control::setValue (102 bytes)
Event: 22.671 Thread 0x000001b08f84a500 nmethod 6097 0x000001b088a64e88 code [0x000001b088a64f80, 0x000001b088a65048]
Event: 22.671 Thread 0x000001b08f84a500 6102       1       jdk.jfr.internal.SettingsManager$InternalSetting::getValues (35 bytes)
Event: 22.671 Thread 0x000001b08f84a500 nmethod 6102 0x000001b088a64b08 code [0x000001b088a64c40, 0x000001b088a64e38]
Event: 22.671 Thread 0x000001b08f84a500 6103       1       jdk.jfr.internal.Control::apply (10 bytes)
Event: 22.671 Thread 0x000001b08f84a500 nmethod 6103 0x000001b088a64808 code [0x000001b088a64920, 0x000001b088a64a30]
Event: 22.671 Thread 0x000001b08f84a500 6098       1       jdk.jfr.internal.EventControl::getSettingsId (5 bytes)
Event: 22.671 Thread 0x000001b08f84a500 nmethod 6098 0x000001b088a64508 code [0x000001b088a64600, 0x000001b088a646c8]
Event: 22.671 Thread 0x000001b08f84a500 6099       1       jdk.jfr.internal.EventControl::getNamedControls (5 bytes)
Event: 22.671 Thread 0x000001b08f84a500 nmethod 6099 0x000001b088a64208 code [0x000001b088a64300, 0x000001b088a643c8]
Event: 22.671 Thread 0x000001b08f84a500 6100       1       jdk.jfr.internal.PlatformEventType::isEnabled (5 bytes)
Event: 22.671 Thread 0x000001b08f84a500 nmethod 6100 0x000001b088a63f08 code [0x000001b088a64000, 0x000001b088a640c8]
Event: 22.672 Thread 0x000001b08f9287c0 nmethod 6101 0x000001b088a63608 code [0x000001b088a63800, 0x000001b088a63e70]
Event: 22.675 Thread 0x000001b08f9287c0 6104       1       jdk.jfr.internal.periodic.EventTask::getEventType (5 bytes)
Event: 22.675 Thread 0x000001b08f84a500 6105       1       jdk.jfr.internal.periodic.PeriodicTask::getPeriod (5 bytes)
Event: 22.675 Thread 0x000001b08f9287c0 nmethod 6104 0x000001b088a63308 code [0x000001b088a63400, 0x000001b088a634c8]
Event: 22.675 Thread 0x000001b08f84a500 nmethod 6105 0x000001b088a63008 code [0x000001b088a63100, 0x000001b088a631c8]

GC Heap History (18 events):
Event: 3.280 GC heap before
{Heap before GC invocations=0 (full 0):
 garbage-first heap   total reserved 2041856K, committed 131072K, used 49268K [0x0000000083600000, 0x0000000100000000)
  region size 1024K, 47 young (48128K), 0 survivors (0K)
 Metaspace       used 11212K, committed 11520K, reserved 1114112K
  class space    used 1274K, committed 1408K, reserved 1048576K
}
Event: 3.293 GC heap after
{Heap after GC invocations=1 (full 0):
 garbage-first heap   total reserved 2041856K, committed 131072K, used 7594K [0x0000000083600000, 0x0000000100000000)
  region size 1024K, 6 young (6144K), 6 survivors (6144K)
 Metaspace       used 11212K, committed 11520K, reserved 1114112K
  class space    used 1274K, committed 1408K, reserved 1048576K
}
Event: 5.059 GC heap before
{Heap before GC invocations=1 (full 0):
 garbage-first heap   total reserved 2041856K, committed 131072K, used 60842K [0x0000000083600000, 0x0000000100000000)
  region size 1024K, 59 young (60416K), 6 survivors (6144K)
 Metaspace       used 20685K, committed 21056K, reserved 1114112K
  class space    used 2326K, committed 2496K, reserved 1048576K
}
Event: 5.067 GC heap after
{Heap after GC invocations=2 (full 0):
 garbage-first heap   total reserved 2041856K, committed 131072K, used 12349K [0x0000000083600000, 0x0000000100000000)
  region size 1024K, 5 young (5120K), 5 survivors (5120K)
 Metaspace       used 20685K, committed 21056K, reserved 1114112K
  class space    used 2326K, committed 2496K, reserved 1048576K
}
Event: 5.131 GC heap before
{Heap before GC invocations=2 (full 0):
 garbage-first heap   total reserved 2041856K, committed 131072K, used 14397K [0x0000000083600000, 0x0000000100000000)
  region size 1024K, 8 young (8192K), 5 survivors (5120K)
 Metaspace       used 21125K, committed 21504K, reserved 1114112K
  class space    used 2371K, committed 2560K, reserved 1048576K
}
Event: 5.134 GC heap after
{Heap after GC invocations=3 (full 0):
 garbage-first heap   total reserved 2041856K, committed 131072K, used 12144K [0x0000000083600000, 0x0000000100000000)
  region size 1024K, 5 young (5120K), 5 survivors (5120K)
 Metaspace       used 21125K, committed 21504K, reserved 1114112K
  class space    used 2371K, committed 2560K, reserved 1048576K
}
Event: 8.968 GC heap before
{Heap before GC invocations=4 (full 0):
 garbage-first heap   total reserved 2041856K, committed 48128K, used 45936K [0x0000000083600000, 0x0000000100000000)
  region size 1024K, 38 young (38912K), 5 survivors (5120K)
 Metaspace       used 25461K, committed 25856K, reserved 1114112K
  class space    used 2911K, committed 3072K, reserved 1048576K
}
Event: 8.974 GC heap after
{Heap after GC invocations=5 (full 0):
 garbage-first heap   total reserved 2041856K, committed 56320K, used 15485K [0x0000000083600000, 0x0000000100000000)
  region size 1024K, 8 young (8192K), 8 survivors (8192K)
 Metaspace       used 25461K, committed 25856K, reserved 1114112K
  class space    used 2911K, committed 3072K, reserved 1048576K
}
Event: 9.700 GC heap before
{Heap before GC invocations=5 (full 0):
 garbage-first heap   total reserved 2041856K, committed 56320K, used 41085K [0x0000000083600000, 0x0000000100000000)
  region size 1024K, 33 young (33792K), 8 survivors (8192K)
 Metaspace       used 29701K, committed 30144K, reserved 1114112K
  class space    used 3366K, committed 3584K, reserved 1048576K
}
Event: 9.704 GC heap after
{Heap after GC invocations=6 (full 0):
 garbage-first heap   total reserved 2041856K, committed 56320K, used 18094K [0x0000000083600000, 0x0000000100000000)
  region size 1024K, 4 young (4096K), 4 survivors (4096K)
 Metaspace       used 29701K, committed 30144K, reserved 1114112K
  class space    used 3366K, committed 3584K, reserved 1048576K
}
Event: 10.303 GC heap before
{Heap before GC invocations=6 (full 0):
 garbage-first heap   total reserved 2041856K, committed 56320K, used 42670K [0x0000000083600000, 0x0000000100000000)
  region size 1024K, 28 young (28672K), 4 survivors (4096K)
 Metaspace       used 32688K, committed 33216K, reserved 1114112K
  class space    used 3753K, committed 3968K, reserved 1048576K
}
Event: 10.307 GC heap after
{Heap after GC invocations=7 (full 0):
 garbage-first heap   total reserved 2041856K, committed 56320K, used 20766K [0x0000000083600000, 0x0000000100000000)
  region size 1024K, 3 young (3072K), 3 survivors (3072K)
 Metaspace       used 32688K, committed 33216K, reserved 1114112K
  class space    used 3753K, committed 3968K, reserved 1048576K
}
Event: 15.163 GC heap before
{Heap before GC invocations=7 (full 0):
 garbage-first heap   total reserved 2041856K, committed 56320K, used 23838K [0x0000000083600000, 0x0000000100000000)
  region size 1024K, 8 young (8192K), 3 survivors (3072K)
 Metaspace       used 32874K, committed 33472K, reserved 1114112K
  class space    used 3793K, committed 4032K, reserved 1048576K
}
Event: 15.185 GC heap after
{Heap after GC invocations=8 (full 1):
 garbage-first heap   total reserved 2041856K, committed 56320K, used 17478K [0x0000000083600000, 0x0000000100000000)
  region size 1024K, 0 young (0K), 0 survivors (0K)
 Metaspace       used 32874K, committed 33472K, reserved 1114112K
  class space    used 3793K, committed 4032K, reserved 1048576K
}
Event: 15.458 GC heap before
{Heap before GC invocations=8 (full 1):
 garbage-first heap   total reserved 2041856K, committed 56320K, used 43078K [0x0000000083600000, 0x0000000100000000)
  region size 1024K, 25 young (25600K), 0 survivors (0K)
 Metaspace       used 32925K, committed 33536K, reserved 1114112K
  class space    used 3802K, committed 4032K, reserved 1048576K
}
Event: 15.460 GC heap after
{Heap after GC invocations=9 (full 1):
 garbage-first heap   total reserved 2041856K, committed 56320K, used 20550K [0x0000000083600000, 0x0000000100000000)
  region size 1024K, 3 young (3072K), 3 survivors (3072K)
 Metaspace       used 32925K, committed 33536K, reserved 1114112K
  class space    used 3802K, committed 4032K, reserved 1048576K
}
Event: 22.641 GC heap before
{Heap before GC invocations=9 (full 1):
 garbage-first heap   total reserved 2041856K, committed 56320K, used 44102K [0x0000000083600000, 0x0000000100000000)
  region size 1024K, 27 young (27648K), 3 survivors (3072K)
 Metaspace       used 33897K, committed 34432K, reserved 1114112K
  class space    used 3919K, committed 4160K, reserved 1048576K
}
Event: 22.644 GC heap after
{Heap after GC invocations=10 (full 1):
 garbage-first heap   total reserved 2041856K, committed 56320K, used 21814K [0x0000000083600000, 0x0000000100000000)
  region size 1024K, 3 young (3072K), 3 survivors (3072K)
 Metaspace       used 33897K, committed 34432K, reserved 1114112K
  class space    used 3919K, committed 4160K, reserved 1048576K
}

Dll operation events (12 events):
Event: 0.029 Loaded shared library C:\Program Files\Java\jdk-24\bin\java.dll
Event: 0.152 Loaded shared library C:\Program Files\Java\jdk-24\bin\zip.dll
Event: 0.156 Loaded shared library C:\Program Files\Java\jdk-24\bin\instrument.dll
Event: 0.165 Loaded shared library C:\Program Files\Java\jdk-24\bin\net.dll
Event: 0.167 Loaded shared library C:\Program Files\Java\jdk-24\bin\nio.dll
Event: 0.170 Loaded shared library C:\Program Files\Java\jdk-24\bin\zip.dll
Event: 0.327 Loaded shared library C:\Program Files\Java\jdk-24\bin\jimage.dll
Event: 0.332 Loaded shared library C:\Program Files\Java\jdk-24\bin\extnet.dll
Event: 0.357 Loaded shared library C:\Program Files\Java\jdk-24\bin\management.dll
Event: 0.372 Loaded shared library C:\Program Files\Java\jdk-24\bin\management_ext.dll
Event: 4.350 Loaded shared library C:\Program Files\Java\jdk-24\bin\sunmscapi.dll
Event: 22.559 Loaded shared library C:\Users\JUSTIN~1\AppData\Local\Temp\idea_libasyncProfiler_dll_temp_folder\libasyncProfiler.dll

Deoptimization events (0 events):
No events

Classes loaded (20 events):
Event: 22.655 Loading class jdk/jfr/internal/MetadataWriter
Event: 22.655 Loading class jdk/jfr/internal/MetadataWriter done
Event: 22.655 Loading class jdk/jfr/internal/MetadataDescriptor$Element
Event: 22.655 Loading class jdk/jfr/internal/MetadataDescriptor$Element done
Event: 22.656 Loading class jdk/jfr/internal/MetadataDescriptor$Attribute
Event: 22.656 Loading class jdk/jfr/internal/MetadataDescriptor$Attribute done
Event: 22.659 Loading class jdk/jfr/internal/consumer/StringParser$Encoding
Event: 22.660 Loading class jdk/jfr/internal/consumer/StringParser$Encoding done
Event: 22.665 Loading class jdk/jfr/internal/consumer/RepositoryFiles
Event: 22.666 Loading class jdk/jfr/internal/consumer/RepositoryFiles done
Event: 22.669 Loading class jdk/jfr/internal/SettingsManager$InternalSetting
Event: 22.669 Loading class jdk/jfr/internal/SettingsManager$InternalSetting done
Event: 22.670 Loading class jdk/jfr/internal/util/Rate
Event: 22.670 Loading class jdk/jfr/internal/util/Rate done
Event: 22.670 Loading class jdk/jfr/internal/util/TimespanUnit
Event: 22.670 Loading class jdk/jfr/internal/util/TimespanUnit done
Event: 22.670 Loading class jdk/jfr/internal/util/ValueParser
Event: 22.671 Loading class jdk/jfr/internal/util/ValueParser done
Event: 22.671 Loading class jdk/jfr/internal/periodic/PeriodicType
Event: 22.672 Loading class jdk/jfr/internal/periodic/PeriodicType done

Classes unloaded (0 events):
No events

Classes redefined (0 events):
No events

Internal exceptions (20 events):
Event: 15.421 Thread 0x000001b0d6499ba0 Exception <a 'java/lang/NoClassDefFoundError'{0x00000000858e17e0}: org/springframework/batch/core/repository/JobRepository> (0x00000000858e17e0) 
thrown [s\open\src\hotspot\share\oops\constantPool.cpp, line 1048]
Event: 15.421 Thread 0x000001b0d6499ba0 Exception <a 'java/lang/NoClassDefFoundError'{0x00000000858e1e38}: org/quartz/Scheduler> (0x00000000858e1e38) 
thrown [s\open\src\hotspot\share\oops\constantPool.cpp, line 1048]
Event: 15.421 Thread 0x000001b0d6499ba0 Exception <a 'java/lang/NoClassDefFoundError'{0x00000000858e24b8}: org/springframework/session/jdbc/JdbcIndexedSessionRepository> (0x00000000858e24b8) 
thrown [s\open\src\hotspot\share\oops\constantPool.cpp, line 1048]
Event: 15.465 Thread 0x000001b0d6499ba0 Exception <a 'java/io/FileNotFoundException'{0x00000000fff5bf20}> (0x00000000fff5bf20) 
thrown [s\open\src\hotspot\share\prims\jni.cpp, line 518]
Event: 15.473 Thread 0x000001b0d6499ba0 Exception <a 'java/io/IOException'{0x00000000ffff9db0}> (0x00000000ffff9db0) 
thrown [s\open\src\hotspot\share\prims\jni.cpp, line 518]
Event: 15.474 Thread 0x000001b0d6499ba0 Exception <a 'java/io/IOException'{0x00000000ffffa4e8}> (0x00000000ffffa4e8) 
thrown [s\open\src\hotspot\share\prims\jni.cpp, line 518]
Event: 15.474 Thread 0x000001b0d6499ba0 Exception <a 'java/io/IOException'{0x00000000ffffac10}> (0x00000000ffffac10) 
thrown [s\open\src\hotspot\share\prims\jni.cpp, line 518]
Event: 15.476 Thread 0x000001b0d6499ba0 Exception <a 'java/io/IOException'{0x00000000ffe03230}> (0x00000000ffe03230) 
thrown [s\open\src\hotspot\share\prims\jni.cpp, line 518]
Event: 15.477 Thread 0x000001b0d6499ba0 Exception <a 'java/io/IOException'{0x00000000ffe03cc0}> (0x00000000ffe03cc0) 
thrown [s\open\src\hotspot\share\prims\jni.cpp, line 518]
Event: 15.477 Thread 0x000001b0d6499ba0 Exception <a 'java/io/IOException'{0x00000000ffe047b0}> (0x00000000ffe047b0) 
thrown [s\open\src\hotspot\share\prims\jni.cpp, line 518]
Event: 15.485 Thread 0x000001b0d6499ba0 Exception <a 'java/io/FileNotFoundException'{0x00000000ffea3378}> (0x00000000ffea3378) 
thrown [s\open\src\hotspot\share\prims\jni.cpp, line 518]
Event: 15.538 Thread 0x000001b0d6499ba0 Exception <a 'java/io/FileNotFoundException'{0x000000008aeea048}> (0x000000008aeea048) 
thrown [s\open\src\hotspot\share\prims\jni.cpp, line 518]
Event: 15.539 Thread 0x000001b0d6499ba0 Exception <a 'java/io/FileNotFoundException'{0x000000008aef4588}> (0x000000008aef4588) 
thrown [s\open\src\hotspot\share\prims\jni.cpp, line 518]
Event: 15.564 Thread 0x000001b0d6499ba0 Exception <a 'java/io/IOException'{0x00000000864830c8}> (0x00000000864830c8) 
thrown [s\open\src\hotspot\share\prims\jni.cpp, line 518]
Event: 22.646 Thread 0x000001b08f833c60 Exception <a 'java/lang/NoSuchMethodError'{0x00000000fff0fa08}: 'void java.lang.invoke.DirectMethodHandle$Holder.invokeSpecial(java.lang.Object, java.lang.Object, int)'> (0x00000000fff0fa08) 
thrown [s\open\src\hotspot\share\interpreter\linkResolver.cpp, line 805]
Event: 22.646 Thread 0x000001b08f833c60 Exception <a 'java/lang/NoSuchMethodError'{0x00000000fff17628}: 'void java.lang.invoke.Invokers$Holder.invokeExact_MT(java.lang.Object, int, java.lang.Object)'> (0x00000000fff17628) 
thrown [s\open\src\hotspot\share\interpreter\linkResolver.cpp, line 805]
Event: 22.648 Thread 0x000001b08f833c60 Exception <a 'java/lang/NoSuchMethodError'{0x00000000fff464b8}: 'java.lang.Object java.lang.invoke.DirectMethodHandle$Holder.newInvokeSpecial(java.lang.Object, java.lang.Object, int)'> (0x00000000fff464b8) 
thrown [s\open\src\hotspot\share\interpreter\linkResolver.cpp, line 805]
Event: 22.650 Thread 0x000001b08f833c60 Exception <a 'sun/nio/fs/WindowsException'{0x00000000fff91f50}> (0x00000000fff91f50) 
thrown [s\open\src\hotspot\share\prims\jni.cpp, line 518]
Event: 22.652 Thread 0x000001b08f833c60 Exception <a 'sun/nio/fs/WindowsException'{0x00000000fff9ef48}> (0x00000000fff9ef48) 
thrown [s\open\src\hotspot\share\prims\jni.cpp, line 518]
Event: 22.654 Thread 0x000001b08f833c60 Exception <a 'sun/nio/fs/WindowsException'{0x00000000fffb1138}> (0x00000000fffb1138) 
thrown [s\open\src\hotspot\share\prims\jni.cpp, line 518]

VM Operations (20 events):
Event: 9.818 Executing VM operation: HandshakeAllThreads (Deoptimize)
Event: 9.818 Executing VM operation: HandshakeAllThreads (Deoptimize) done
Event: 9.829 Executing VM operation: HandshakeAllThreads (Deoptimize)
Event: 9.829 Executing VM operation: HandshakeAllThreads (Deoptimize) done
Event: 9.860 Executing VM operation: HandshakeAllThreads (Deoptimize)
Event: 9.860 Executing VM operation: HandshakeAllThreads (Deoptimize) done
Event: 9.951 Executing VM operation: HandshakeAllThreads (Deoptimize)
Event: 9.951 Executing VM operation: HandshakeAllThreads (Deoptimize) done
Event: 10.018 Executing VM operation: HandshakeAllThreads (Deoptimize)
Event: 10.018 Executing VM operation: HandshakeAllThreads (Deoptimize) done
Event: 10.303 Executing VM operation: G1CollectForAllocation (G1 Evacuation Pause)
Event: 10.307 Executing VM operation: G1CollectForAllocation (G1 Evacuation Pause) done
Event: 15.159 Executing VM operation: G1CollectFull (System.gc())
Event: 15.185 Executing VM operation: G1CollectFull (System.gc()) done
Event: 15.458 Executing VM operation: G1CollectForAllocation (G1 Evacuation Pause)
Event: 15.460 Executing VM operation: G1CollectForAllocation (G1 Evacuation Pause) done
Event: 22.641 Executing VM operation: G1CollectForAllocation (G1 Evacuation Pause)
Event: 22.644 Executing VM operation: G1CollectForAllocation (G1 Evacuation Pause) done
Event: 22.666 Executing VM operation: JFRSafepointClear
Event: 22.666 Executing VM operation: JFRSafepointClear done

Memory protections (0 events):
No events

Nmethod flushes (20 events):
Event: 15.174 Thread 0x000001b0ff81dd70 flushing  nmethod 0x000001b088c05988
Event: 15.174 Thread 0x000001b0ff81dd70 flushing  nmethod 0x000001b088c27d88
Event: 15.174 Thread 0x000001b0ff81dd70 flushing  nmethod 0x000001b088c35508
Event: 15.174 Thread 0x000001b0ff81dd70 flushing  nmethod 0x000001b088c6ca88
Event: 15.174 Thread 0x000001b0ff81dd70 flushing  nmethod 0x000001b088cd1208
Event: 15.174 Thread 0x000001b0ff81dd70 flushing  nmethod 0x000001b088cd2a08
Event: 15.174 Thread 0x000001b0ff81dd70 flushing  nmethod 0x000001b088d0a388
Event: 15.174 Thread 0x000001b0ff81dd70 flushing  nmethod 0x000001b0889ab008
Event: 15.174 Thread 0x000001b0ff81dd70 flushing  nmethod 0x000001b0889cfd08
Event: 15.174 Thread 0x000001b0ff81dd70 flushing  nmethod 0x000001b0889d2688
Event: 15.174 Thread 0x000001b0ff81dd70 flushing  nmethod 0x000001b088ad9308
Event: 15.174 Thread 0x000001b0ff81dd70 flushing  nmethod 0x000001b088b20208
Event: 15.174 Thread 0x000001b0ff81dd70 flushing  nmethod 0x000001b088b33108
Event: 15.174 Thread 0x000001b0ff81dd70 flushing  nmethod 0x000001b088b48108
Event: 15.174 Thread 0x000001b0ff81dd70 flushing  nmethod 0x000001b088b5c888
Event: 15.174 Thread 0x000001b0ff81dd70 flushing  nmethod 0x000001b088c05c88
Event: 15.174 Thread 0x000001b0ff81dd70 flushing  nmethod 0x000001b088c06288
Event: 15.174 Thread 0x000001b0ff81dd70 flushing  nmethod 0x000001b088c56288
Event: 15.174 Thread 0x000001b0ff81dd70 flushing  nmethod 0x000001b088cb1808
Event: 15.174 Thread 0x000001b0ff81dd70 flushing  nmethod 0x000001b088e77c88

Events (20 events):
Event: 15.621 Thread 0x000001b0d6499ba0 Thread added: 0x000001b0d649d620
Event: 15.628 Thread 0x000001b0d6499ba0 Thread added: 0x000001b0d649a2f0
Event: 15.628 Thread 0x000001b0d6499ba0 Thread added: 0x000001b0d649dd70
Event: 15.628 Thread 0x000001b0d6499ba0 Thread added: 0x000001b0d649e4c0
Event: 15.628 Thread 0x000001b0d6499ba0 Thread added: 0x000001b0d649ec10
Event: 15.629 Thread 0x000001b0d6499ba0 Thread added: 0x000001b0d649b8e0
Event: 15.629 Thread 0x000001b0d6499ba0 Thread added: 0x000001b0d649f360
Event: 15.629 Thread 0x000001b0d6499ba0 Thread added: 0x000001b0d649fab0
Event: 15.629 Thread 0x000001b0d6499ba0 Thread added: 0x000001b0d64a0200
Event: 15.629 Thread 0x000001b0d6499ba0 Thread added: 0x000001b0d5854830
Event: 15.629 Thread 0x000001b0d6499ba0 Thread added: 0x000001b0d5854f80
Event: 15.631 Thread 0x000001b0d6499ba0 Thread added: 0x000001b0d5853990
Event: 15.631 Thread 0x000001b0d6499ba0 Thread added: 0x000001b0d58556d0
Event: 15.633 Thread 0x000001b0d6499ba0 Thread added: 0x000001b0d58523a0
Event: 15.635 Thread 0x000001b0d6499ba0 Thread exited: 0x000001b0d6499ba0
Event: 15.635 Thread 0x000001b0d64a10a0 Thread exited: 0x000001b0d64a10a0
Event: 16.228 Thread 0x000001b08f9287c0 Thread exited: 0x000001b08f9287c0
Event: 22.592 Thread 0x000001b08f833c60 Thread added: 0x000001b0d6499ba0
Event: 22.645 Thread 0x000001b08f84a500 Thread added: 0x000001b08f9287c0
Event: 22.648 Thread 0x000001b08f833c60 Thread added: 0x000001b0d64a10a0


Dynamic libraries:
0x00007ff6b14c0000 - 0x00007ff6b14d0000 	C:\Program Files\Java\jdk-24\bin\java.exe
0x00007ffed0a60000 - 0x00007ffed0cc5000 	C:\WINDOWS\SYSTEM32\ntdll.dll
0x00007ffe93ae0000 - 0x00007ffe93afb000 	C:\Program Files\Avast Software\Avast\aswhook.dll
0x00007ffecfbc0000 - 0x00007ffecfc89000 	C:\WINDOWS\System32\KERNEL32.DLL
0x00007ffecdbb0000 - 0x00007ffecdf98000 	C:\WINDOWS\System32\KERNELBASE.dll
0x00007ffec7b50000 - 0x00007ffec7bee000 	C:\WINDOWS\SYSTEM32\apphelp.dll
0x00007ffecdfa0000 - 0x00007ffece0eb000 	C:\WINDOWS\System32\ucrtbase.dll
0x00007ffebcde0000 - 0x00007ffebcdfb000 	C:\Program Files\Java\jdk-24\bin\VCRUNTIME140.dll
0x00007ffeba580000 - 0x00007ffeba596000 	C:\Program Files\Java\jdk-24\bin\jli.dll
0x00007ffed05d0000 - 0x00007ffed079a000 	C:\WINDOWS\System32\USER32.dll
0x00007ffece390000 - 0x00007ffece3b7000 	C:\WINDOWS\System32\win32u.dll
0x00007ffece800000 - 0x00007ffece82b000 	C:\WINDOWS\System32\GDI32.dll
0x00007ffece6c0000 - 0x00007ffece7f7000 	C:\WINDOWS\System32\gdi32full.dll
0x00007ffece250000 - 0x00007ffece2f3000 	C:\WINDOWS\System32\msvcp_win.dll
0x00007ffea6af0000 - 0x00007ffea6d8a000 	C:\WINDOWS\WinSxS\amd64_microsoft.windows.common-controls_6595b64144ccf1df_6.0.26100.4202_none_3e0698d4e335f517\COMCTL32.dll
0x00007ffece830000 - 0x00007ffece8d9000 	C:\WINDOWS\System32\msvcrt.dll
0x00007ffed09c0000 - 0x00007ffed09f0000 	C:\WINDOWS\System32\IMM32.DLL
0x00007ffebce20000 - 0x00007ffebce2c000 	C:\Program Files\Java\jdk-24\bin\vcruntime140_1.dll
0x00007ffe83a00000 - 0x00007ffe83a8e000 	C:\Program Files\Java\jdk-24\bin\msvcp140.dll
0x00007ffe0ab80000 - 0x00007ffe0b922000 	C:\Program Files\Java\jdk-24\bin\server\jvm.dll
0x00007ffecf380000 - 0x00007ffecf433000 	C:\WINDOWS\System32\ADVAPI32.dll
0x00007ffed07a0000 - 0x00007ffed0846000 	C:\WINDOWS\System32\sechost.dll
0x00007ffed03e0000 - 0x00007ffed04f5000 	C:\WINDOWS\System32\RPCRT4.dll
0x00007ffed0540000 - 0x00007ffed05b4000 	C:\WINDOWS\System32\WS2_32.dll
0x00007ffec5010000 - 0x00007ffec501b000 	C:\WINDOWS\SYSTEM32\VERSION.dll
0x00007ffecc7f0000 - 0x00007ffecc84e000 	C:\WINDOWS\SYSTEM32\POWRPROF.dll
0x00007ffeb03e0000 - 0x00007ffeb0415000 	C:\WINDOWS\SYSTEM32\WINMM.dll
0x00007ffecc7d0000 - 0x00007ffecc7e4000 	C:\WINDOWS\SYSTEM32\UMPDC.dll
0x00007ffecca90000 - 0x00007ffeccaab000 	C:\WINDOWS\SYSTEM32\kernel.appcore.dll
0x00007ffeb5220000 - 0x00007ffeb522a000 	C:\Program Files\Java\jdk-24\bin\jimage.dll
0x00007ffecb2e0000 - 0x00007ffecb521000 	C:\WINDOWS\SYSTEM32\DBGHELP.DLL
0x00007ffecf4c0000 - 0x00007ffecf845000 	C:\WINDOWS\System32\combase.dll
0x00007ffece8e0000 - 0x00007ffece9c1000 	C:\WINDOWS\System32\OLEAUT32.dll
0x00007ffec49f0000 - 0x00007ffec4a29000 	C:\WINDOWS\SYSTEM32\dbgcore.DLL
0x00007ffece1b0000 - 0x00007ffece249000 	C:\WINDOWS\System32\bcryptPrimitives.dll
0x00007ffec2aa0000 - 0x00007ffec2aaf000 	C:\Program Files\Java\jdk-24\bin\instrument.dll
0x00007ffeb24d0000 - 0x00007ffeb24ee000 	C:\Program Files\Java\jdk-24\bin\java.dll
0x00007ffecf1d0000 - 0x00007ffecf36e000 	C:\WINDOWS\System32\ole32.dll
0x00007ffecfc90000 - 0x00007ffed03d2000 	C:\WINDOWS\System32\SHELL32.dll
0x00007ffece3c0000 - 0x00007ffece534000 	C:\WINDOWS\System32\wintypes.dll
0x00007ffecb850000 - 0x00007ffecc0a7000 	C:\WINDOWS\SYSTEM32\windows.storage.dll
0x00007ffecf040000 - 0x00007ffecf131000 	C:\WINDOWS\System32\SHCORE.dll
0x00007ffecfaf0000 - 0x00007ffecfb5a000 	C:\WINDOWS\System32\shlwapi.dll
0x00007ffecdac0000 - 0x00007ffecdaef000 	C:\WINDOWS\SYSTEM32\profapi.dll
0x00007ffeb2490000 - 0x00007ffeb24a7000 	C:\Program Files\Java\jdk-24\bin\zip.dll
0x00007ffeb5210000 - 0x00007ffeb5220000 	C:\Program Files\Java\jdk-24\bin\net.dll
0x00007ffecd000000 - 0x00007ffecd06a000 	C:\WINDOWS\system32\mswsock.dll
0x00007ffeb24b0000 - 0x00007ffeb24c6000 	C:\Program Files\Java\jdk-24\bin\nio.dll
0x00007ffeb2480000 - 0x00007ffeb2489000 	C:\Program Files\Java\jdk-24\bin\extnet.dll
0x00007ffecc520000 - 0x00007ffecc647000 	C:\WINDOWS\SYSTEM32\DNSAPI.dll
0x00007ffecc430000 - 0x00007ffecc463000 	C:\WINDOWS\SYSTEM32\IPHLPAPI.DLL
0x00007ffed0a00000 - 0x00007ffed0a0a000 	C:\WINDOWS\System32\NSI.dll
0x00007ffec7c00000 - 0x00007ffec7c0b000 	C:\Windows\System32\rasadhlp.dll
0x00007ffec91b0000 - 0x00007ffec9236000 	C:\WINDOWS\System32\fwpuclnt.dll
0x00007ffeb2370000 - 0x00007ffeb237a000 	C:\Program Files\Java\jdk-24\bin\management.dll
0x00007ffeb1bd0000 - 0x00007ffeb1bdb000 	C:\Program Files\Java\jdk-24\bin\management_ext.dll
0x00007ffed0a10000 - 0x00007ffed0a18000 	C:\WINDOWS\System32\PSAPI.DLL
0x00007ffecd2b0000 - 0x00007ffecd2cb000 	C:\WINDOWS\SYSTEM32\CRYPTSP.dll
0x00007ffecc9f0000 - 0x00007ffecca2a000 	C:\WINDOWS\system32\rsaenh.dll
0x00007ffecd0a0000 - 0x00007ffecd0cb000 	C:\WINDOWS\SYSTEM32\USERENV.dll
0x00007ffecda90000 - 0x00007ffecdab6000 	C:\WINDOWS\SYSTEM32\bcrypt.dll
0x00007ffecd2d0000 - 0x00007ffecd2dc000 	C:\WINDOWS\SYSTEM32\CRYPTBASE.dll
0x00007ffea02e0000 - 0x00007ffea02f8000 	C:\WINDOWS\system32\napinsp.dll
0x00007ffea02c0000 - 0x00007ffea02d2000 	C:\WINDOWS\System32\winrnr.dll
0x00007ffea0150000 - 0x00007ffea0180000 	C:\WINDOWS\system32\nlansp_c.dll
0x00007ffec5490000 - 0x00007ffec54b0000 	C:\WINDOWS\system32\wshbth.dll
0x00007ffea0300000 - 0x00007ffea034e000 	C:\WINDOWS\SYSTEM32\pdh.dll
0x00007ffeafb10000 - 0x00007ffeafb22000 	C:\WINDOWS\System32\perfproc.dll
0x00007ffebcdc0000 - 0x00007ffebcdd1000 	C:\WINDOWS\System32\perfos.dll
0x00007ffecc0d0000 - 0x00007ffecc0e2000 	C:\WINDOWS\SYSTEM32\pfclient.dll
0x00007ffeaa9b0000 - 0x00007ffeaa9be000 	C:\Program Files\Java\jdk-24\bin\sunmscapi.dll
0x00007ffece540000 - 0x00007ffece6b7000 	C:\WINDOWS\System32\CRYPT32.dll
0x00007ffecd450000 - 0x00007ffecd480000 	C:\WINDOWS\SYSTEM32\ncrypt.dll
0x00007ffecd400000 - 0x00007ffecd43f000 	C:\WINDOWS\SYSTEM32\NTASN1.dll
0x00007ffe8a7c0000 - 0x00007ffe8a7c8000 	C:\WINDOWS\system32\wshunix.dll
0x00007ffe66d30000 - 0x00007ffe66f28000 	C:\Users\JUSTIN~1\AppData\Local\Temp\idea_libasyncProfiler_dll_temp_folder\libasyncProfiler.dll

JVMTI agents:
C:\Program Files\JetBrains\IntelliJ IDEA 2025.1.1.1\lib\idea_rt.jar path:C:\Program Files\Java\jdk-24\bin\instrument.dll, loaded, initialized, instrumentlib options:60565

dbghelp: loaded successfully - version: 4.0.5 - missing functions: none
symbol engine: initialized successfully - sym options: 0x614 - pdb path: .;C:\Program Files\Java\jdk-24\bin;C:\WINDOWS\SYSTEM32;C:\Program Files\Avast Software\Avast;C:\WINDOWS\WinSxS\amd64_microsoft.windows.common-controls_6595b64144ccf1df_6.0.26100.4202_none_3e0698d4e335f517;C:\Program Files\Java\jdk-24\bin\server;C:\Users\JUSTIN~1\AppData\Local\Temp\idea_libasyncProfiler_dll_temp_folder

VM Arguments:
jvm_args: -XX:TieredStopAtLevel=1 -Dspring.output.ansi.enabled=always -Dcom.sun.management.jmxremote -Dspring.jmx.enabled=true -Dspring.liveBeansView.mbeanDomain -Dspring.application.admin.enabled=true -Dmanagement.endpoints.jmx.exposure.include=* -javaagent:C:\Program Files\JetBrains\IntelliJ IDEA 2025.1.1.1\lib\idea_rt.jar=60565 -Dfile.encoding=UTF-8 -Dsun.stdout.encoding=UTF-8 -Dsun.stderr.encoding=UTF-8 
java_command: com.manosamigas.app.ManosAmigasApplication
java_class_path (initial): C:\Users\JUSTIN GEORGE\OneDrive\Desktop\ManosAmigasOf-main\ManosAmigasApp\target\classes;C:\Users\JUSTIN GEORGE\.m2\repository\org\springframework\boot\spring-boot-starter-jdbc\3.5.0\spring-boot-starter-jdbc-3.5.0.jar;C:\Users\JUSTIN GEORGE\.m2\repository\org\springframework\boot\spring-boot-starter\3.5.0\spring-boot-starter-3.5.0.jar;C:\Users\JUSTIN GEORGE\.m2\repository\org\springframework\boot\spring-boot-starter-logging\3.5.0\spring-boot-starter-logging-3.5.0.jar;C:\Users\JUSTIN GEORGE\.m2\repository\ch\qos\logback\logback-classic\1.5.18\logback-classic-1.5.18.jar;C:\Users\JUSTIN GEORGE\.m2\repository\ch\qos\logback\logback-core\1.5.18\logback-core-1.5.18.jar;C:\Users\JUSTIN GEORGE\.m2\repository\org\apache\logging\log4j\log4j-to-slf4j\2.24.3\log4j-to-slf4j-2.24.3.jar;C:\Users\JUSTIN GEORGE\.m2\repository\org\apache\logging\log4j\log4j-api\2.24.3\log4j-api-2.24.3.jar;C:\Users\JUSTIN GEORGE\.m2\repository\org\slf4j\jul-to-slf4j\2.0.17\jul-to-slf4j-2.0.17.jar;C:\Users\JUSTIN GEORGE\.m2\repository\jakarta\annotation\jakarta.annotation-api\2.1.1\jakarta.annotation-api-2.1.1.jar;C:\Users\JUSTIN GEORGE\.m2\repository\org\yaml\snakeyaml\2.4\snakeyaml-2.4.jar;C:\Users\JUSTIN GEORGE\.m2\repository\com\zaxxer\HikariCP\6.3.0\HikariCP-6.3.0.jar;C:\Users\JUSTIN GEORGE\.m2\repository\org\slf4j\slf4j-api\2.0.17\slf4j-api-2.0.17.jar;C:\Users\JUSTIN GEORGE\.m2\repository\org\springframework\spring-jdbc\6.2.7\spring-jdbc-6.2.7.jar;C:\Users\JUSTIN GEORGE\.m2\repository\org\springframework\spring-beans\6.2.7\spring-beans-6.2.7.jar;C:\Users\JUSTIN GEORGE\.m2\repository\org\springframework\spring-tx\6.2.7\spring-tx-6.2.7.jar;C:\Users\JUSTIN GEORGE\.m2\repository\org\springframework\boot\spring-boot-starter-web\3.5.0\spring-boot-starter-web-3.5.0.jar;C:\Users\JUSTIN GEORGE\.m2\repository\org\springframework\boot\spring-boot-starter-json\3.5.0\spring-boot-starter-json-3.5.0.jar;C:\Users\JUSTIN GEORGE\.m2\repository\com\fasterxml\jackson\core\jackson-databind\2.19.0\jackson-databind-2.19.0.jar;C:\Users\JUSTIN GEORGE\.m2\repository\com\fasterxml\jackson\core\jackson-annotations\2.19.0\jackson-annotations-2.19.0.jar;C:\Users\JUSTIN GEORGE\.m2\repository\com\fasterxml\jackson\core\jackson-core\2.19.0\jackson-core-2.19.0.jar;C:\Users\JUSTIN GEORGE\.m2\repository\com\fasterxml\jackson\datatype\jackson-datatype-jdk8\2.19.0\jackson-datatype-jdk8-2.19.0.jar;C:\Users\JUSTIN GEORGE\.m2\repository\com\fasterxml\jackson\datatype\jackson-datatype-jsr310\2.19.0\jackson-datatype-jsr310-2.19.0.jar;C:\Users\JUSTIN GEORGE\.m2\repository\com\fasterxml\jackson\module\jackson-module-parameter-names\2.19.0\jackson-module-parameter-names-2.19.0.jar;C:\Users\JUSTIN GEORGE\.m2\repository\org\springframework\boot\spring-boot-starter-tomcat\3.5.0\spring-boot-starter-tomcat-3.5.0.jar;C:\Users\JUSTIN GEORGE\.m2\repository\org\apache\tomcat\embed\tomcat-embed-core\10.1.41\tomcat-embed-core-10.1.41.jar;C:\Users\JUSTIN GEORGE\.m2\repository\org\apache\tomcat\embed\tomcat-embed-el\10.1.41\tomcat-embed-el-10.1.41.jar;C:\Users\JUSTIN GEORGE\.m2\repository\org\apache\tomcat\embed\tomcat-embed-websocket\10.1.41\tomcat-embed-websocket-10.1.41.jar;C:\Users\JUSTIN GEORGE\.m2\repository\org\springframework\spring-web\6.2.7\spring-web-6.2.7.jar;C:\Users\JUSTIN GEORGE\.m2\repository\io\micrometer\micrometer-observation\1.15.0\micrometer-observation-1.15.0.jar;C:\Users\JUSTIN GEORGE\.m2\repository\io\micrometer\micrometer-commons\1.15.0\micrometer-commons-1.15.0.jar;C:\Users\JUSTIN GEORGE\.m2\repository\org\springframework\spring-webmvc\6.2.7\spring-webmvc-6.2.7.jar;C:\Users\JUSTIN GEORGE\.m2\repository\org\springframework\spring-aop\6.2.7\spring-aop-6.2.7.jar;C:\Users\JUSTIN GEORGE\.m2\repository\org\springframework\spring-context\6.2.7\spring-context-6.2.7.jar;C:\Users\JUSTIN GEORGE\.m2\repository\org\springframework\spring-expression\6.2.7\spring-expression-6.2.7.jar;C:\Users\JUSTIN GEORGE\.m2\repository\org\springframework\boot\spring-boot-starter-mail\3.5.0\spring-boot-starter-mail-3.5.0.jar;C:\Users\JUSTIN GEORGE\.m2\repository\org\springframework\spring-context-support\6.2.7\spring-context-support-6.2.7.jar;C:\Users\JUSTIN GEORGE\.m2\repository\org\eclipse\angus\jakarta.mail\2.0.3\jakarta.mail-2.0.3.jar;C:\Users\JUSTIN GEORGE\.m2\repository\jakarta\activation\jakarta.activation-api\2.1.3\jakarta.activation-api-2.1.3.jar;C:\Users\JUSTIN GEORGE\.m2\repository\org\eclipse\angus\angus-activation\2.0.2\angus-activation-2.0.2.jar;C:\Users\JUSTIN GEORGE\.m2\repository\org\springframework\boot\spring-boot-devtools\3.5.0\spring-boot-devtools-3.5.0.jar;C:\Users\JUSTIN GEORGE\.m2\repository\org\springframework\boot\spring-boot\3.5.0\spring-boot-3.5.0.jar;C:\Users\JUSTIN GEORGE\.m2\repository\org\springframework\boot\spring-boot-autoconfigure\3.5.0\spring-boot-autoconfigure-3.5.0.jar;C:\Users\JUSTIN GEORGE\.m2\repository\com\microsoft\sqlserver\mssql-jdbc\12.10.0.jre11\mssql-jdbc-12.10.0.jre11.jar;C:\Users\JUSTIN GEORGE\.m2\repository\org\projectlombok\lombok\1.18.38\lombok-1.18.38.jar;C:\Users\JUSTIN GEORGE\.m2\repository\org\springframework\spring-core\6.2.7\spring-core-6.2.7.jar;C:\Users\JUSTIN GEORGE\.m2\repository\org\springframework\spring-jcl\6.2.7\spring-jcl-6.2.7.jar
Launcher Type: SUN_STANDARD

[Global flags]
     intx CICompilerCount                          = 4                                         {product} {ergonomic}
     uint ConcGCThreads                            = 2                                         {product} {ergonomic}
     bool FlightRecorder                           = true                                      {product} {management}
     uint G1ConcRefinementThreads                  = 8                                         {product} {ergonomic}
   size_t G1HeapRegionSize                         = 1048576                                   {product} {ergonomic}
   size_t InitialHeapSize                          = 132120576                                 {product} {ergonomic}
     bool ManagementServer                         = true                                      {product} {command line}
   size_t MarkStackSize                            = 4194304                                   {product} {ergonomic}
   size_t MarkStackSizeMax                         = 536870912                                 {product} {ergonomic}
   size_t MaxHeapSize                              = 2090860544                                {product} {ergonomic}
   size_t MaxNewSize                               = 1254096896                                {product} {ergonomic}
   size_t MinHeapDeltaBytes                        = 1048576                                   {product} {ergonomic}
   size_t MinHeapSize                              = 8388608                                   {product} {ergonomic}
    uintx NonNMethodCodeHeapSize                   = 4096                                   {pd product} {ergonomic}
    uintx NonProfiledCodeHeapSize                  = 0                                      {pd product} {ergonomic}
     bool ProfileInterpreter                       = false                                  {pd product} {command line}
    uintx ProfiledCodeHeapSize                     = 0                                      {pd product} {ergonomic}
   size_t SoftMaxHeapSize                          = 2090860544                             {manageable} {ergonomic}
     intx TieredStopAtLevel                        = 1                                         {product} {command line}
     bool UseCompressedOops                        = true                           {product lp64_product} {ergonomic}
     bool UseG1GC                                  = true                                      {product} {ergonomic}
     bool UseLargePagesIndividualAllocation        = false                                  {pd product} {ergonomic}

Logging:
Log output configuration:
 #0: stdout all=warning uptime,level,tags foldmultilines=false
 #1: stderr all=off uptime,level,tags foldmultilines=false

Environment Variables:
PATH=C:\Program Files\Common Files\Oracle\Java\javapath;C:\Program Files (x86)\Common Files\Oracle\Java\java8path;C:\Program Files (x86)\Common Files\Oracle\Java\javapath;C:\WINDOWS\system32;C:\WINDOWS;C:\WINDOWS\System32\Wbem;C:\WINDOWS\System32\WindowsPowerShell\v1.0\;C:\WINDOWS\System32\OpenSSH\;C:\Program Files (x86)\Microsoft SQL Server\160\Tools\Binn\;C:\Program Files\Microsoft SQL Server\160\Tools\Binn\;C:\Program Files\Microsoft SQL Server\Client SDK\ODBC\170\Tools\Binn\;C:\Program Files\Microsoft SQL Server\160\DTS\Binn\;C:\Program Files (x86)\Microsoft SQL Server\160\DTS\Binn\;C:\Program Files\Git\cmd;C:\Program Files\dotnet\;C:\Users\JUSTIN GEORGE\AppData\Local\Microsoft\WindowsApps;
USERNAME=JUSTIN GEORGE
OS=Windows_NT
PROCESSOR_IDENTIFIER=Intel64 Family 6 Model 140 Stepping 1, GenuineIntel
TMP=C:\Users\JUSTIN~1\AppData\Local\Temp
TEMP=C:\Users\JUSTIN~1\AppData\Local\Temp




Periodic native trim disabled

---------------  S Y S T E M  ---------------

OS:
 Windows 11 , 64 bit Build 26100 (10.0.26100.4202)
OS uptime: 4 days 2:39 hours

CPU: total 8 (initial active 8) (4 cores per cpu, 2 threads per core) family 6 model 140 stepping 1 microcode 0xa4, cx8, cmov, fxsr, ht, mmx, 3dnowpref, sse, sse2, sse3, ssse3, sse4.1, sse4.2, popcnt, lzcnt, tsc, tscinvbit, avx, avx2, aes, erms, clmul, bmi1, bmi2, adx, avx512f, avx512dq, avx512cd, avx512bw, avx512vl, sha, fma, vzeroupper, avx512_vpopcntdq, avx512_vpclmulqdq, avx512_vaes, avx512_vnni, clflush, clflushopt, clwb, avx512_vbmi2, avx512_vbmi, rdtscp, rdpid, fsrm, gfni, avx512_bitalg, f16c, pku, cet_ibt, cet_ss, avx512_ifma
Processor Information for the first 8 processors :
  Max Mhz: 2419, Current Mhz: 2419, Mhz Limit: 2419

Memory: 4k page, system-wide physical 7975M (1125M free)
TotalPageFile size 15403M (AvailPageFile size 492M)
current process WorkingSet (physical memory assigned to process): 173M, peak: 173M
current process commit charge ("private bytes"): 234M, peak: 256M

vm_info: Java HotSpot(TM) 64-Bit Server VM (24.0.1+9-30) for windows-amd64 JRE (24.0.1+9-30), built on 2025-03-05T07:23:45Z with MS VC++ 17.6 (VS2022)

END.
